<?xml version="1.0" encoding="UTF-8"?>
<!-- Generated by org.testng.reporters.JUnitReportReporter -->
<testsuite skipped="0" hostname="Admin-PC" name="Revision.ZZRevise.Login" tests="1" failures="0" timestamp="2021-02-22T09:20:27 IST" time="12.553" errors="0">
  <testcase name="loginData" time="12.553" classname="Revision.ZZRevise.Login"/>
  <system-out/>
</testsuite> <!-- Revision.ZZRevise.Login -->
